<<<<<<< HEAD
2021-12-17 17:02:09,431 [Worker-10] INFO  o.e.m.c.i.l.LifecycleMappingFactory - Using org.maven.ide.eclipse.wtp.WarLifecycleMapping lifecycle mapping for MavenProject: www.classs:com:1.0.0-BUILD-SNAPSHOT @ D:\github\team1982\project1982\pom.xml.
2021-12-17 17:02:10,555 [Worker-8] INFO  o.e.m.c.i.l.LifecycleMappingFactory - Using org.maven.ide.eclipse.wtp.WarLifecycleMapping lifecycle mapping for MavenProject: www.classs:com:1.0.0-BUILD-SNAPSHOT @ D:\github\team1982\project1982\pom.xml.
2021-12-17 17:02:11,446 [Worker-8] WARN  o.e.m.c.i.embedder.EclipseLogger - Using platform encoding (MS949 actually) to copy filtered resources, i.e. build is platform dependent!
2021-12-17 17:02:11,461 [Worker-8] INFO  o.e.m.c.i.embedder.EclipseLogger - Copying 1 resource
2021-12-17 17:02:11,461 [Worker-8] WARN  o.e.m.c.i.embedder.EclipseLogger - Using platform encoding (MS949 actually) to copy filtered resources, i.e. build is platform dependent!
2021-12-17 17:02:11,461 [Worker-8] INFO  o.e.m.c.i.embedder.EclipseLogger - Copying 1 resource
2021-12-17 17:02:12,870 [Worker-6] INFO  o.e.m.c.i.l.LifecycleMappingFactory - Using org.maven.ide.eclipse.wtp.WarLifecycleMapping lifecycle mapping for MavenProject: www.classs:com:1.0.0-BUILD-SNAPSHOT @ D:\github\team1982\project1982\pom.xml.
2021-12-17 17:02:17,769 [Worker-0] WARN  o.e.m.c.i.embedder.EclipseLogger - Using platform encoding (MS949 actually) to copy filtered resources, i.e. build is platform dependent!
2021-12-17 17:02:17,769 [Worker-0] INFO  o.e.m.c.i.embedder.EclipseLogger - Copying 1 resource
2021-12-17 17:02:17,784 [Worker-0] WARN  o.e.m.c.i.embedder.EclipseLogger - Using platform encoding (MS949 actually) to copy filtered resources, i.e. build is platform dependent!
2021-12-17 17:02:17,784 [Worker-0] INFO  o.e.m.c.i.embedder.EclipseLogger - Copying 1 resource
2021-12-17 17:03:27,496 [Worker-7] WARN  o.e.m.c.i.embedder.EclipseLogger - Using platform encoding (MS949 actually) to copy filtered resources, i.e. build is platform dependent!
2021-12-17 17:03:27,496 [Worker-7] INFO  o.e.m.c.i.embedder.EclipseLogger - Copying 0 resource
2021-12-17 17:03:27,496 [Worker-7] WARN  o.e.m.c.i.embedder.EclipseLogger - Using platform encoding (MS949 actually) to copy filtered resources, i.e. build is platform dependent!
2021-12-17 17:03:27,496 [Worker-7] INFO  o.e.m.c.i.embedder.EclipseLogger - Copying 0 resource
2021-12-17 17:03:31,546 [Worker-18] WARN  o.e.m.c.i.embedder.EclipseLogger - Using platform encoding (MS949 actually) to copy filtered resources, i.e. build is platform dependent!
2021-12-17 17:03:31,546 [Worker-18] INFO  o.e.m.c.i.embedder.EclipseLogger - Copying 0 resource
2021-12-17 17:03:31,546 [Worker-18] WARN  o.e.m.c.i.embedder.EclipseLogger - Using platform encoding (MS949 actually) to copy filtered resources, i.e. build is platform dependent!
2021-12-17 17:03:31,546 [Worker-18] INFO  o.e.m.c.i.embedder.EclipseLogger - Copying 0 resource
2021-12-17 17:03:44,668 [Worker-1] INFO  o.e.m.c.i.l.LifecycleMappingFactory - Using org.maven.ide.eclipse.wtp.WarLifecycleMapping lifecycle mapping for MavenProject: com.javassem:basic:1.0.0-BUILD-SNAPSHOT @ D:\github\team1982\project1982\pom.xml.
2021-12-17 17:03:45,027 [Worker-1] WARN  o.e.m.c.i.embedder.EclipseLogger - Using platform encoding (MS949 actually) to copy filtered resources, i.e. build is platform dependent!
2021-12-17 17:03:45,027 [Worker-1] INFO  o.e.m.c.i.embedder.EclipseLogger - Copying 0 resource
2021-12-17 17:03:45,027 [Worker-1] WARN  o.e.m.c.i.embedder.EclipseLogger - Using platform encoding (MS949 actually) to copy filtered resources, i.e. build is platform dependent!
2021-12-17 17:03:45,027 [Worker-1] INFO  o.e.m.c.i.embedder.EclipseLogger - Copying 0 resource
2021-12-17 17:03:45,027 [Worker-1] INFO  o.e.m.w.i.f.ResourceFilteringBuildParticipant - Changed resources require a complete clean of filtered resources of project1982
2021-12-17 17:03:45,027 [Worker-1] INFO  o.e.m.w.i.f.ResourceFilteringBuildParticipant - Executing resource filtering for project1982
2021-12-17 17:03:45,027 [Worker-1] WARN  o.e.m.c.i.embedder.EclipseLogger - Using platform encoding (MS949 actually) to copy filtered resources, i.e. build is platform dependent!
2021-12-17 17:03:46,620 [Worker-13] WARN  o.e.m.c.i.embedder.EclipseLogger - Using platform encoding (MS949 actually) to copy filtered resources, i.e. build is platform dependent!
2021-12-17 17:03:46,620 [Worker-13] INFO  o.e.m.c.i.embedder.EclipseLogger - Copying 1 resource
2021-12-17 17:03:46,620 [Worker-13] WARN  o.e.m.c.i.embedder.EclipseLogger - Using platform encoding (MS949 actually) to copy filtered resources, i.e. build is platform dependent!
2021-12-17 17:03:46,620 [Worker-13] INFO  o.e.m.c.i.embedder.EclipseLogger - Copying 1 resource
2021-12-17 17:04:04,843 [Worker-19] WARN  o.e.m.c.i.embedder.EclipseLogger - Using platform encoding (MS949 actually) to copy filtered resources, i.e. build is platform dependent!
2021-12-17 17:04:04,843 [Worker-19] INFO  o.e.m.c.i.embedder.EclipseLogger - Copying 0 resource
2021-12-17 17:04:04,843 [Worker-19] WARN  o.e.m.c.i.embedder.EclipseLogger - Using platform encoding (MS949 actually) to copy filtered resources, i.e. build is platform dependent!
2021-12-17 17:04:04,843 [Worker-19] INFO  o.e.m.c.i.embedder.EclipseLogger - Copying 0 resource
2021-12-17 17:04:10,311 [Worker-15] WARN  o.e.m.c.i.embedder.EclipseLogger - Using platform encoding (MS949 actually) to copy filtered resources, i.e. build is platform dependent!
2021-12-17 17:04:10,311 [Worker-15] INFO  o.e.m.c.i.embedder.EclipseLogger - Copying 0 resource
2021-12-17 17:04:10,311 [Worker-15] WARN  o.e.m.c.i.embedder.EclipseLogger - Using platform encoding (MS949 actually) to copy filtered resources, i.e. build is platform dependent!
2021-12-17 17:04:10,311 [Worker-15] INFO  o.e.m.c.i.embedder.EclipseLogger - Copying 0 resource
2021-12-17 17:37:46,341 [Worker-30] WARN  o.e.m.c.i.embedder.EclipseLogger - Using platform encoding (MS949 actually) to copy filtered resources, i.e. build is platform dependent!
2021-12-17 17:37:46,341 [Worker-30] INFO  o.e.m.c.i.embedder.EclipseLogger - Copying 1 resource
2021-12-17 17:37:46,356 [Worker-30] WARN  o.e.m.c.i.embedder.EclipseLogger - Using platform encoding (MS949 actually) to copy filtered resources, i.e. build is platform dependent!
2021-12-17 17:37:46,356 [Worker-30] INFO  o.e.m.c.i.embedder.EclipseLogger - Copying 1 resource
2021-12-17 17:38:14,021 [Worker-28] WARN  o.e.m.c.i.embedder.EclipseLogger - Using platform encoding (MS949 actually) to copy filtered resources, i.e. build is platform dependent!
2021-12-17 17:38:14,021 [Worker-28] INFO  o.e.m.c.i.embedder.EclipseLogger - Copying 1 resource
2021-12-17 17:38:14,023 [Worker-28] WARN  o.e.m.c.i.embedder.EclipseLogger - Using platform encoding (MS949 actually) to copy filtered resources, i.e. build is platform dependent!
2021-12-17 17:38:14,024 [Worker-28] INFO  o.e.m.c.i.embedder.EclipseLogger - Copying 1 resource
2021-12-17 17:38:38,513 [Worker-38] WARN  o.e.m.c.i.embedder.EclipseLogger - Using platform encoding (MS949 actually) to copy filtered resources, i.e. build is platform dependent!
2021-12-17 17:38:38,513 [Worker-38] INFO  o.e.m.c.i.embedder.EclipseLogger - Copying 1 resource
2021-12-17 17:38:38,513 [Worker-38] WARN  o.e.m.c.i.embedder.EclipseLogger - Using platform encoding (MS949 actually) to copy filtered resources, i.e. build is platform dependent!
2021-12-17 17:38:38,513 [Worker-38] INFO  o.e.m.c.i.embedder.EclipseLogger - Copying 1 resource
2021-12-17 17:41:42,576 [Worker-39] WARN  o.e.m.c.i.embedder.EclipseLogger - Using platform encoding (MS949 actually) to copy filtered resources, i.e. build is platform dependent!
2021-12-17 17:41:42,592 [Worker-39] INFO  o.e.m.c.i.embedder.EclipseLogger - Copying 1 resource
2021-12-17 17:41:42,592 [Worker-39] WARN  o.e.m.c.i.embedder.EclipseLogger - Using platform encoding (MS949 actually) to copy filtered resources, i.e. build is platform dependent!
2021-12-17 17:41:42,592 [Worker-39] INFO  o.e.m.c.i.embedder.EclipseLogger - Copying 0 resource
2021-12-17 17:48:04,949 [Worker-43] WARN  o.e.m.c.i.embedder.EclipseLogger - Using platform encoding (MS949 actually) to copy filtered resources, i.e. build is platform dependent!
2021-12-17 17:48:04,950 [Worker-43] INFO  o.e.m.c.i.embedder.EclipseLogger - Copying 1 resource
2021-12-17 17:48:04,951 [Worker-43] WARN  o.e.m.c.i.embedder.EclipseLogger - Using platform encoding (MS949 actually) to copy filtered resources, i.e. build is platform dependent!
2021-12-17 17:48:04,951 [Worker-43] INFO  o.e.m.c.i.embedder.EclipseLogger - Copying 0 resource
2021-12-17 17:48:20,549 [Worker-44] WARN  o.e.m.c.i.embedder.EclipseLogger - Using platform encoding (MS949 actually) to copy filtered resources, i.e. build is platform dependent!
2021-12-17 17:48:20,549 [Worker-44] INFO  o.e.m.c.i.embedder.EclipseLogger - Copying 1 resource
2021-12-17 17:48:20,550 [Worker-44] WARN  o.e.m.c.i.embedder.EclipseLogger - Using platform encoding (MS949 actually) to copy filtered resources, i.e. build is platform dependent!
2021-12-17 17:48:20,550 [Worker-44] INFO  o.e.m.c.i.embedder.EclipseLogger - Copying 0 resource
2021-12-17 17:48:33,120 [Worker-45] WARN  o.e.m.c.i.embedder.EclipseLogger - Using platform encoding (MS949 actually) to copy filtered resources, i.e. build is platform dependent!
2021-12-17 17:48:33,121 [Worker-45] INFO  o.e.m.c.i.embedder.EclipseLogger - Copying 1 resource
2021-12-17 17:48:33,122 [Worker-45] WARN  o.e.m.c.i.embedder.EclipseLogger - Using platform encoding (MS949 actually) to copy filtered resources, i.e. build is platform dependent!
2021-12-17 17:48:33,122 [Worker-45] INFO  o.e.m.c.i.embedder.EclipseLogger - Copying 0 resource
2021-12-17 17:48:45,117 [Worker-44] WARN  o.e.m.c.i.embedder.EclipseLogger - Using platform encoding (MS949 actually) to copy filtered resources, i.e. build is platform dependent!
2021-12-17 17:48:45,117 [Worker-44] INFO  o.e.m.c.i.embedder.EclipseLogger - Copying 1 resource
2021-12-17 17:48:45,119 [Worker-44] WARN  o.e.m.c.i.embedder.EclipseLogger - Using platform encoding (MS949 actually) to copy filtered resources, i.e. build is platform dependent!
2021-12-17 17:48:45,119 [Worker-44] INFO  o.e.m.c.i.embedder.EclipseLogger - Copying 0 resource
2021-12-17 17:48:51,500 [Worker-45] WARN  o.e.m.c.i.embedder.EclipseLogger - Using platform encoding (MS949 actually) to copy filtered resources, i.e. build is platform dependent!
2021-12-17 17:48:51,500 [Worker-45] INFO  o.e.m.c.i.embedder.EclipseLogger - Copying 1 resource
2021-12-17 17:48:51,500 [Worker-45] WARN  o.e.m.c.i.embedder.EclipseLogger - Using platform encoding (MS949 actually) to copy filtered resources, i.e. build is platform dependent!
2021-12-17 17:48:51,500 [Worker-45] INFO  o.e.m.c.i.embedder.EclipseLogger - Copying 0 resource
2021-12-17 17:48:56,278 [Worker-36] WARN  o.e.m.c.i.embedder.EclipseLogger - Using platform encoding (MS949 actually) to copy filtered resources, i.e. build is platform dependent!
2021-12-17 17:48:56,278 [Worker-36] INFO  o.e.m.c.i.embedder.EclipseLogger - Copying 1 resource
2021-12-17 17:48:56,278 [Worker-36] WARN  o.e.m.c.i.embedder.EclipseLogger - Using platform encoding (MS949 actually) to copy filtered resources, i.e. build is platform dependent!
2021-12-17 17:48:56,278 [Worker-36] INFO  o.e.m.c.i.embedder.EclipseLogger - Copying 0 resource
2021-12-17 17:48:58,629 [Worker-45] WARN  o.e.m.c.i.embedder.EclipseLogger - Using platform encoding (MS949 actually) to copy filtered resources, i.e. build is platform dependent!
2021-12-17 17:48:58,629 [Worker-45] INFO  o.e.m.c.i.embedder.EclipseLogger - Copying 1 resource
2021-12-17 17:48:58,629 [Worker-45] WARN  o.e.m.c.i.embedder.EclipseLogger - Using platform encoding (MS949 actually) to copy filtered resources, i.e. build is platform dependent!
2021-12-17 17:48:58,629 [Worker-45] INFO  o.e.m.c.i.embedder.EclipseLogger - Copying 0 resource
2021-12-17 17:49:00,913 [Worker-48] WARN  o.e.m.c.i.embedder.EclipseLogger - Using platform encoding (MS949 actually) to copy filtered resources, i.e. build is platform dependent!
2021-12-17 17:49:00,913 [Worker-48] INFO  o.e.m.c.i.embedder.EclipseLogger - Copying 1 resource
2021-12-17 17:49:00,913 [Worker-48] WARN  o.e.m.c.i.embedder.EclipseLogger - Using platform encoding (MS949 actually) to copy filtered resources, i.e. build is platform dependent!
2021-12-17 17:49:00,913 [Worker-48] INFO  o.e.m.c.i.embedder.EclipseLogger - Copying 0 resource
2021-12-17 17:49:13,885 [Worker-48] WARN  o.e.m.c.i.embedder.EclipseLogger - Using platform encoding (MS949 actually) to copy filtered resources, i.e. build is platform dependent!
2021-12-17 17:49:13,885 [Worker-48] INFO  o.e.m.c.i.embedder.EclipseLogger - Copying 1 resource
2021-12-17 17:49:13,885 [Worker-48] WARN  o.e.m.c.i.embedder.EclipseLogger - Using platform encoding (MS949 actually) to copy filtered resources, i.e. build is platform dependent!
2021-12-17 17:49:13,885 [Worker-48] INFO  o.e.m.c.i.embedder.EclipseLogger - Copying 0 resource
2021-12-17 17:49:14,898 [Worker-43] WARN  o.e.m.c.i.embedder.EclipseLogger - Using platform encoding (MS949 actually) to copy filtered resources, i.e. build is platform dependent!
2021-12-17 17:49:14,898 [Worker-43] INFO  o.e.m.c.i.embedder.EclipseLogger - Copying 0 resource
2021-12-17 17:49:14,898 [Worker-43] WARN  o.e.m.c.i.embedder.EclipseLogger - Using platform encoding (MS949 actually) to copy filtered resources, i.e. build is platform dependent!
2021-12-17 17:49:14,898 [Worker-43] INFO  o.e.m.c.i.embedder.EclipseLogger - Copying 0 resource
2021-12-17 17:49:26,354 [Worker-44] WARN  o.e.m.c.i.embedder.EclipseLogger - Using platform encoding (MS949 actually) to copy filtered resources, i.e. build is platform dependent!
2021-12-17 17:49:26,354 [Worker-44] INFO  o.e.m.c.i.embedder.EclipseLogger - Copying 1 resource
2021-12-17 17:49:26,354 [Worker-44] WARN  o.e.m.c.i.embedder.EclipseLogger - Using platform encoding (MS949 actually) to copy filtered resources, i.e. build is platform dependent!
2021-12-17 17:49:26,354 [Worker-44] INFO  o.e.m.c.i.embedder.EclipseLogger - Copying 0 resource
2021-12-17 17:49:28,670 [Worker-48] WARN  o.e.m.c.i.embedder.EclipseLogger - Using platform encoding (MS949 actually) to copy filtered resources, i.e. build is platform dependent!
2021-12-17 17:49:28,670 [Worker-48] INFO  o.e.m.c.i.embedder.EclipseLogger - Copying 1 resource
2021-12-17 17:49:28,670 [Worker-48] WARN  o.e.m.c.i.embedder.EclipseLogger - Using platform encoding (MS949 actually) to copy filtered resources, i.e. build is platform dependent!
2021-12-17 17:49:28,670 [Worker-48] INFO  o.e.m.c.i.embedder.EclipseLogger - Copying 0 resource
2021-12-17 17:49:30,932 [Worker-43] WARN  o.e.m.c.i.embedder.EclipseLogger - Using platform encoding (MS949 actually) to copy filtered resources, i.e. build is platform dependent!
2021-12-17 17:49:30,932 [Worker-43] INFO  o.e.m.c.i.embedder.EclipseLogger - Copying 1 resource
2021-12-17 17:49:30,932 [Worker-43] WARN  o.e.m.c.i.embedder.EclipseLogger - Using platform encoding (MS949 actually) to copy filtered resources, i.e. build is platform dependent!
2021-12-17 17:49:30,932 [Worker-43] INFO  o.e.m.c.i.embedder.EclipseLogger - Copying 0 resource
2021-12-17 17:49:33,174 [Worker-43] WARN  o.e.m.c.i.embedder.EclipseLogger - Using platform encoding (MS949 actually) to copy filtered resources, i.e. build is platform dependent!
2021-12-17 17:49:33,174 [Worker-43] INFO  o.e.m.c.i.embedder.EclipseLogger - Copying 1 resource
2021-12-17 17:49:33,174 [Worker-43] WARN  o.e.m.c.i.embedder.EclipseLogger - Using platform encoding (MS949 actually) to copy filtered resources, i.e. build is platform dependent!
2021-12-17 17:49:33,174 [Worker-43] INFO  o.e.m.c.i.embedder.EclipseLogger - Copying 0 resource
2021-12-17 17:49:36,543 [Worker-46] WARN  o.e.m.c.i.embedder.EclipseLogger - Using platform encoding (MS949 actually) to copy filtered resources, i.e. build is platform dependent!
2021-12-17 17:49:36,543 [Worker-46] INFO  o.e.m.c.i.embedder.EclipseLogger - Copying 1 resource
2021-12-17 17:49:36,543 [Worker-46] WARN  o.e.m.c.i.embedder.EclipseLogger - Using platform encoding (MS949 actually) to copy filtered resources, i.e. build is platform dependent!
2021-12-17 17:49:36,543 [Worker-46] INFO  o.e.m.c.i.embedder.EclipseLogger - Copying 0 resource
2021-12-17 17:49:43,698 [Worker-48] WARN  o.e.m.c.i.embedder.EclipseLogger - Using platform encoding (MS949 actually) to copy filtered resources, i.e. build is platform dependent!
2021-12-17 17:49:43,698 [Worker-48] INFO  o.e.m.c.i.embedder.EclipseLogger - Copying 1 resource
2021-12-17 17:49:43,698 [Worker-48] WARN  o.e.m.c.i.embedder.EclipseLogger - Using platform encoding (MS949 actually) to copy filtered resources, i.e. build is platform dependent!
2021-12-17 17:49:43,698 [Worker-48] INFO  o.e.m.c.i.embedder.EclipseLogger - Copying 0 resource
2021-12-17 17:49:55,761 [Worker-44] WARN  o.e.m.c.i.embedder.EclipseLogger - Using platform encoding (MS949 actually) to copy filtered resources, i.e. build is platform dependent!
2021-12-17 17:49:55,761 [Worker-44] INFO  o.e.m.c.i.embedder.EclipseLogger - Copying 1 resource
2021-12-17 17:49:55,761 [Worker-44] WARN  o.e.m.c.i.embedder.EclipseLogger - Using platform encoding (MS949 actually) to copy filtered resources, i.e. build is platform dependent!
2021-12-17 17:49:55,761 [Worker-44] INFO  o.e.m.c.i.embedder.EclipseLogger - Copying 0 resource
2021-12-17 17:50:00,752 [Worker-44] WARN  o.e.m.c.i.embedder.EclipseLogger - Using platform encoding (MS949 actually) to copy filtered resources, i.e. build is platform dependent!
2021-12-17 17:50:00,752 [Worker-44] INFO  o.e.m.c.i.embedder.EclipseLogger - Copying 1 resource
2021-12-17 17:50:00,752 [Worker-44] WARN  o.e.m.c.i.embedder.EclipseLogger - Using platform encoding (MS949 actually) to copy filtered resources, i.e. build is platform dependent!
2021-12-17 17:50:00,752 [Worker-44] INFO  o.e.m.c.i.embedder.EclipseLogger - Copying 0 resource
2021-12-17 17:50:15,254 [Worker-42] WARN  o.e.m.c.i.embedder.EclipseLogger - Using platform encoding (MS949 actually) to copy filtered resources, i.e. build is platform dependent!
2021-12-17 17:50:15,255 [Worker-42] INFO  o.e.m.c.i.embedder.EclipseLogger - Copying 1 resource
2021-12-17 17:50:15,255 [Worker-42] WARN  o.e.m.c.i.embedder.EclipseLogger - Using platform encoding (MS949 actually) to copy filtered resources, i.e. build is platform dependent!
2021-12-17 17:50:15,255 [Worker-42] INFO  o.e.m.c.i.embedder.EclipseLogger - Copying 0 resource
2021-12-17 17:50:33,608 [Worker-36] WARN  o.e.m.c.i.embedder.EclipseLogger - Using platform encoding (MS949 actually) to copy filtered resources, i.e. build is platform dependent!
2021-12-17 17:50:33,609 [Worker-36] INFO  o.e.m.c.i.embedder.EclipseLogger - Copying 1 resource
2021-12-17 17:50:33,609 [Worker-36] WARN  o.e.m.c.i.embedder.EclipseLogger - Using platform encoding (MS949 actually) to copy filtered resources, i.e. build is platform dependent!
2021-12-17 17:50:33,610 [Worker-36] INFO  o.e.m.c.i.embedder.EclipseLogger - Copying 0 resource
2021-12-17 17:51:41,261 [Worker-42] WARN  o.e.m.c.i.embedder.EclipseLogger - Using platform encoding (MS949 actually) to copy filtered resources, i.e. build is platform dependent!
2021-12-17 17:51:41,261 [Worker-42] INFO  o.e.m.c.i.embedder.EclipseLogger - Copying 0 resource
2021-12-17 17:51:41,261 [Worker-42] WARN  o.e.m.c.i.embedder.EclipseLogger - Using platform encoding (MS949 actually) to copy filtered resources, i.e. build is platform dependent!
2021-12-17 17:51:41,261 [Worker-42] INFO  o.e.m.c.i.embedder.EclipseLogger - Copying 0 resource
2021-12-17 17:52:16,914 [Worker-43] WARN  o.e.m.c.i.embedder.EclipseLogger - Using platform encoding (MS949 actually) to copy filtered resources, i.e. build is platform dependent!
2021-12-17 17:52:16,914 [Worker-43] INFO  o.e.m.c.i.embedder.EclipseLogger - Copying 0 resource
2021-12-17 17:52:16,915 [Worker-43] WARN  o.e.m.c.i.embedder.EclipseLogger - Using platform encoding (MS949 actually) to copy filtered resources, i.e. build is platform dependent!
2021-12-17 17:52:16,915 [Worker-43] INFO  o.e.m.c.i.embedder.EclipseLogger - Copying 0 resource
2021-12-17 17:52:23,102 [Worker-42] WARN  o.e.m.c.i.embedder.EclipseLogger - Using platform encoding (MS949 actually) to copy filtered resources, i.e. build is platform dependent!
2021-12-17 17:52:23,102 [Worker-42] INFO  o.e.m.c.i.embedder.EclipseLogger - Copying 0 resource
2021-12-17 17:52:23,102 [Worker-42] WARN  o.e.m.c.i.embedder.EclipseLogger - Using platform encoding (MS949 actually) to copy filtered resources, i.e. build is platform dependent!
2021-12-17 17:52:23,102 [Worker-42] INFO  o.e.m.c.i.embedder.EclipseLogger - Copying 0 resource
2021-12-17 17:52:27,715 [Worker-42] WARN  o.e.m.c.i.embedder.EclipseLogger - Using platform encoding (MS949 actually) to copy filtered resources, i.e. build is platform dependent!
2021-12-17 17:52:27,715 [Worker-42] INFO  o.e.m.c.i.embedder.EclipseLogger - Copying 1 resource
2021-12-17 17:52:27,731 [Worker-42] WARN  o.e.m.c.i.embedder.EclipseLogger - Using platform encoding (MS949 actually) to copy filtered resources, i.e. build is platform dependent!
2021-12-17 17:52:27,731 [Worker-42] INFO  o.e.m.c.i.embedder.EclipseLogger - Copying 1 resource
2021-12-17 17:53:29,960 [Worker-45] WARN  o.e.m.c.i.embedder.EclipseLogger - Using platform encoding (MS949 actually) to copy filtered resources, i.e. build is platform dependent!
2021-12-17 17:53:29,961 [Worker-45] INFO  o.e.m.c.i.embedder.EclipseLogger - Copying 1 resource
2021-12-17 17:53:29,963 [Worker-45] WARN  o.e.m.c.i.embedder.EclipseLogger - Using platform encoding (MS949 actually) to copy filtered resources, i.e. build is platform dependent!
2021-12-17 17:53:29,964 [Worker-45] INFO  o.e.m.c.i.embedder.EclipseLogger - Copying 1 resource
2021-12-17 17:54:43,976 [Worker-48] WARN  o.e.m.c.i.embedder.EclipseLogger - Using platform encoding (MS949 actually) to copy filtered resources, i.e. build is platform dependent!
2021-12-17 17:54:43,976 [Worker-48] INFO  o.e.m.c.i.embedder.EclipseLogger - Copying 1 resource
2021-12-17 17:54:43,992 [Worker-48] WARN  o.e.m.c.i.embedder.EclipseLogger - Using platform encoding (MS949 actually) to copy filtered resources, i.e. build is platform dependent!
2021-12-17 17:54:43,992 [Worker-48] INFO  o.e.m.c.i.embedder.EclipseLogger - Copying 0 resource
2021-12-17 17:55:11,063 [Worker-49] WARN  o.e.m.c.i.embedder.EclipseLogger - Using platform encoding (MS949 actually) to copy filtered resources, i.e. build is platform dependent!
2021-12-17 17:55:11,063 [Worker-49] INFO  o.e.m.c.i.embedder.EclipseLogger - Copying 1 resource
2021-12-17 17:55:11,063 [Worker-49] WARN  o.e.m.c.i.embedder.EclipseLogger - Using platform encoding (MS949 actually) to copy filtered resources, i.e. build is platform dependent!
2021-12-17 17:55:11,063 [Worker-49] INFO  o.e.m.c.i.embedder.EclipseLogger - Copying 0 resource
2021-12-17 17:55:24,654 [Worker-54] WARN  o.e.m.c.i.embedder.EclipseLogger - Using platform encoding (MS949 actually) to copy filtered resources, i.e. build is platform dependent!
2021-12-17 17:55:24,654 [Worker-54] INFO  o.e.m.c.i.embedder.EclipseLogger - Copying 1 resource
2021-12-17 17:55:24,654 [Worker-54] WARN  o.e.m.c.i.embedder.EclipseLogger - Using platform encoding (MS949 actually) to copy filtered resources, i.e. build is platform dependent!
2021-12-17 17:55:24,654 [Worker-54] INFO  o.e.m.c.i.embedder.EclipseLogger - Copying 0 resource
2021-12-17 17:56:18,661 [Worker-49] INFO  o.e.m.c.i.l.LifecycleMappingFactory - Using org.maven.ide.eclipse.wtp.WarLifecycleMapping lifecycle mapping for MavenProject: com.javassem:basic:1.0.0-BUILD-SNAPSHOT @ D:\github\team1982\project1982\pom.xml.
2021-12-17 17:56:18,942 [Worker-49] WARN  o.e.m.c.i.embedder.EclipseLogger - Using platform encoding (MS949 actually) to copy filtered resources, i.e. build is platform dependent!
2021-12-17 17:56:18,942 [Worker-49] INFO  o.e.m.c.i.embedder.EclipseLogger - Copying 0 resource
2021-12-17 17:56:18,942 [Worker-49] WARN  o.e.m.c.i.embedder.EclipseLogger - Using platform encoding (MS949 actually) to copy filtered resources, i.e. build is platform dependent!
2021-12-17 17:56:18,942 [Worker-49] INFO  o.e.m.c.i.embedder.EclipseLogger - Copying 0 resource
2021-12-17 17:56:18,942 [Worker-49] INFO  o.e.m.w.i.f.ResourceFilteringBuildParticipant - Changed resources require a complete clean of filtered resources of project1982
2021-12-17 17:56:18,942 [Worker-49] INFO  o.e.m.w.i.f.ResourceFilteringBuildParticipant - Executing resource filtering for project1982
2021-12-17 17:56:18,942 [Worker-49] WARN  o.e.m.c.i.embedder.EclipseLogger - Using platform encoding (MS949 actually) to copy filtered resources, i.e. build is platform dependent!
2021-12-17 17:57:19,370 [Worker-44] WARN  o.e.m.c.i.embedder.EclipseLogger - Using platform encoding (MS949 actually) to copy filtered resources, i.e. build is platform dependent!
2021-12-17 17:57:19,370 [Worker-44] INFO  o.e.m.c.i.embedder.EclipseLogger - Copying 1 resource
2021-12-17 17:57:19,370 [Worker-44] WARN  o.e.m.c.i.embedder.EclipseLogger - Using platform encoding (MS949 actually) to copy filtered resources, i.e. build is platform dependent!
2021-12-17 17:57:19,370 [Worker-44] INFO  o.e.m.c.i.embedder.EclipseLogger - Copying 0 resource
2021-12-17 17:57:21,024 [Worker-48] WARN  o.e.m.c.i.embedder.EclipseLogger - Using platform encoding (MS949 actually) to copy filtered resources, i.e. build is platform dependent!
2021-12-17 17:57:21,024 [Worker-48] INFO  o.e.m.c.i.embedder.EclipseLogger - Copying 1 resource
2021-12-17 17:57:21,024 [Worker-48] WARN  o.e.m.c.i.embedder.EclipseLogger - Using platform encoding (MS949 actually) to copy filtered resources, i.e. build is platform dependent!
2021-12-17 17:57:21,024 [Worker-48] INFO  o.e.m.c.i.embedder.EclipseLogger - Copying 0 resource
2021-12-17 17:57:23,516 [Worker-49] WARN  o.e.m.c.i.embedder.EclipseLogger - Using platform encoding (MS949 actually) to copy filtered resources, i.e. build is platform dependent!
2021-12-17 17:57:23,516 [Worker-49] INFO  o.e.m.c.i.embedder.EclipseLogger - Copying 1 resource
2021-12-17 17:57:23,516 [Worker-49] WARN  o.e.m.c.i.embedder.EclipseLogger - Using platform encoding (MS949 actually) to copy filtered resources, i.e. build is platform dependent!
2021-12-17 17:57:23,516 [Worker-49] INFO  o.e.m.c.i.embedder.EclipseLogger - Copying 0 resource
2021-12-17 17:57:24,718 [Worker-52] WARN  o.e.m.c.i.embedder.EclipseLogger - Using platform encoding (MS949 actually) to copy filtered resources, i.e. build is platform dependent!
2021-12-17 17:57:24,719 [Worker-52] INFO  o.e.m.c.i.embedder.EclipseLogger - Copying 1 resource
2021-12-17 17:57:24,719 [Worker-52] WARN  o.e.m.c.i.embedder.EclipseLogger - Using platform encoding (MS949 actually) to copy filtered resources, i.e. build is platform dependent!
2021-12-17 17:57:24,719 [Worker-52] INFO  o.e.m.c.i.embedder.EclipseLogger - Copying 0 resource
2021-12-17 17:57:32,607 [Worker-49] WARN  o.e.m.c.i.embedder.EclipseLogger - Using platform encoding (MS949 actually) to copy filtered resources, i.e. build is platform dependent!
2021-12-17 17:57:32,607 [Worker-49] INFO  o.e.m.c.i.embedder.EclipseLogger - Copying 1 resource
2021-12-17 17:57:32,607 [Worker-49] WARN  o.e.m.c.i.embedder.EclipseLogger - Using platform encoding (MS949 actually) to copy filtered resources, i.e. build is platform dependent!
2021-12-17 17:57:32,607 [Worker-49] INFO  o.e.m.c.i.embedder.EclipseLogger - Copying 0 resource
2021-12-17 17:57:33,906 [Worker-52] WARN  o.e.m.c.i.embedder.EclipseLogger - Using platform encoding (MS949 actually) to copy filtered resources, i.e. build is platform dependent!
2021-12-17 17:57:33,906 [Worker-52] INFO  o.e.m.c.i.embedder.EclipseLogger - Copying 1 resource
2021-12-17 17:57:33,906 [Worker-52] WARN  o.e.m.c.i.embedder.EclipseLogger - Using platform encoding (MS949 actually) to copy filtered resources, i.e. build is platform dependent!
2021-12-17 17:57:33,906 [Worker-52] INFO  o.e.m.c.i.embedder.EclipseLogger - Copying 0 resource
2021-12-17 17:57:56,177 [Worker-46] WARN  o.e.m.c.i.embedder.EclipseLogger - Using platform encoding (MS949 actually) to copy filtered resources, i.e. build is platform dependent!
2021-12-17 17:57:56,177 [Worker-46] INFO  o.e.m.c.i.embedder.EclipseLogger - Copying 1 resource
2021-12-17 17:57:56,177 [Worker-46] WARN  o.e.m.c.i.embedder.EclipseLogger - Using platform encoding (MS949 actually) to copy filtered resources, i.e. build is platform dependent!
2021-12-17 17:57:56,177 [Worker-46] INFO  o.e.m.c.i.embedder.EclipseLogger - Copying 0 resource
2021-12-17 17:57:58,293 [Worker-54] WARN  o.e.m.c.i.embedder.EclipseLogger - Using platform encoding (MS949 actually) to copy filtered resources, i.e. build is platform dependent!
2021-12-17 17:57:58,293 [Worker-54] INFO  o.e.m.c.i.embedder.EclipseLogger - Copying 1 resource
2021-12-17 17:57:58,293 [Worker-54] WARN  o.e.m.c.i.embedder.EclipseLogger - Using platform encoding (MS949 actually) to copy filtered resources, i.e. build is platform dependent!
2021-12-17 17:57:58,293 [Worker-54] INFO  o.e.m.c.i.embedder.EclipseLogger - Copying 0 resource
2021-12-17 17:58:14,332 [Worker-55] WARN  o.e.m.c.i.embedder.EclipseLogger - Using platform encoding (MS949 actually) to copy filtered resources, i.e. build is platform dependent!
2021-12-17 17:58:14,332 [Worker-55] INFO  o.e.m.c.i.embedder.EclipseLogger - Copying 1 resource
2021-12-17 17:58:14,348 [Worker-55] WARN  o.e.m.c.i.embedder.EclipseLogger - Using platform encoding (MS949 actually) to copy filtered resources, i.e. build is platform dependent!
2021-12-17 17:58:14,348 [Worker-55] INFO  o.e.m.c.i.embedder.EclipseLogger - Copying 0 resource
2021-12-17 17:58:28,991 [Worker-54] WARN  o.e.m.c.i.embedder.EclipseLogger - Using platform encoding (MS949 actually) to copy filtered resources, i.e. build is platform dependent!
2021-12-17 17:58:28,991 [Worker-54] INFO  o.e.m.c.i.embedder.EclipseLogger - Copying 1 resource
2021-12-17 17:58:28,991 [Worker-54] WARN  o.e.m.c.i.embedder.EclipseLogger - Using platform encoding (MS949 actually) to copy filtered resources, i.e. build is platform dependent!
2021-12-17 17:58:28,991 [Worker-54] INFO  o.e.m.c.i.embedder.EclipseLogger - Copying 0 resource
2021-12-17 17:58:31,749 [Worker-51] WARN  o.e.m.c.i.embedder.EclipseLogger - Using platform encoding (MS949 actually) to copy filtered resources, i.e. build is platform dependent!
2021-12-17 17:58:31,749 [Worker-51] INFO  o.e.m.c.i.embedder.EclipseLogger - Copying 1 resource
2021-12-17 17:58:31,749 [Worker-51] WARN  o.e.m.c.i.embedder.EclipseLogger - Using platform encoding (MS949 actually) to copy filtered resources, i.e. build is platform dependent!
2021-12-17 17:58:31,749 [Worker-51] INFO  o.e.m.c.i.embedder.EclipseLogger - Copying 0 resource
2021-12-17 17:58:42,546 [Worker-44] WARN  o.e.m.c.i.embedder.EclipseLogger - Using platform encoding (MS949 actually) to copy filtered resources, i.e. build is platform dependent!
2021-12-17 17:58:42,546 [Worker-44] INFO  o.e.m.c.i.embedder.EclipseLogger - Copying 1 resource
2021-12-17 17:58:42,546 [Worker-44] WARN  o.e.m.c.i.embedder.EclipseLogger - Using platform encoding (MS949 actually) to copy filtered resources, i.e. build is platform dependent!
2021-12-17 17:58:42,546 [Worker-44] INFO  o.e.m.c.i.embedder.EclipseLogger - Copying 0 resource
2021-12-17 17:58:49,296 [Worker-55] WARN  o.e.m.c.i.embedder.EclipseLogger - Using platform encoding (MS949 actually) to copy filtered resources, i.e. build is platform dependent!
2021-12-17 17:58:49,296 [Worker-55] INFO  o.e.m.c.i.embedder.EclipseLogger - Copying 1 resource
2021-12-17 17:58:49,296 [Worker-55] WARN  o.e.m.c.i.embedder.EclipseLogger - Using platform encoding (MS949 actually) to copy filtered resources, i.e. build is platform dependent!
2021-12-17 17:58:49,296 [Worker-55] INFO  o.e.m.c.i.embedder.EclipseLogger - Copying 0 resource
2021-12-17 19:06:54,153 [Worker-3] WARN  o.e.m.c.i.embedder.EclipseLogger - Using platform encoding (MS949 actually) to copy filtered resources, i.e. build is platform dependent!
2021-12-17 19:06:54,153 [Worker-3] INFO  o.e.m.c.i.embedder.EclipseLogger - Copying 1 resource
2021-12-17 19:06:54,153 [Worker-3] WARN  o.e.m.c.i.embedder.EclipseLogger - Using platform encoding (MS949 actually) to copy filtered resources, i.e. build is platform dependent!
2021-12-17 19:06:54,153 [Worker-3] INFO  o.e.m.c.i.embedder.EclipseLogger - Copying 1 resource
2021-12-17 19:07:38,427 [Worker-1] WARN  o.e.m.c.i.embedder.EclipseLogger - Using platform encoding (MS949 actually) to copy filtered resources, i.e. build is platform dependent!
2021-12-17 19:07:38,427 [Worker-1] INFO  o.e.m.c.i.embedder.EclipseLogger - Copying 0 resource
2021-12-17 19:07:38,427 [Worker-1] WARN  o.e.m.c.i.embedder.EclipseLogger - Using platform encoding (MS949 actually) to copy filtered resources, i.e. build is platform dependent!
2021-12-17 19:07:38,427 [Worker-1] INFO  o.e.m.c.i.embedder.EclipseLogger - Copying 0 resource
2021-12-17 19:08:34,458 [Worker-19] WARN  o.e.m.c.i.embedder.EclipseLogger - Using platform encoding (MS949 actually) to copy filtered resources, i.e. build is platform dependent!
2021-12-17 19:08:34,458 [Worker-19] INFO  o.e.m.c.i.embedder.EclipseLogger - Copying 0 resource
2021-12-17 19:08:34,458 [Worker-19] WARN  o.e.m.c.i.embedder.EclipseLogger - Using platform encoding (MS949 actually) to copy filtered resources, i.e. build is platform dependent!
2021-12-17 19:08:34,474 [Worker-19] INFO  o.e.m.c.i.embedder.EclipseLogger - Copying 0 resource
2021-12-17 19:12:01,157 [Worker-12] WARN  o.e.m.c.i.embedder.EclipseLogger - Using platform encoding (MS949 actually) to copy filtered resources, i.e. build is platform dependent!
2021-12-17 19:12:01,158 [Worker-12] INFO  o.e.m.c.i.embedder.EclipseLogger - Copying 0 resource
2021-12-17 19:12:01,159 [Worker-12] WARN  o.e.m.c.i.embedder.EclipseLogger - Using platform encoding (MS949 actually) to copy filtered resources, i.e. build is platform dependent!
2021-12-17 19:12:01,159 [Worker-12] INFO  o.e.m.c.i.embedder.EclipseLogger - Copying 0 resource
=======
2021-12-17 17:09:13,317 [Worker-9] INFO  o.e.m.c.i.l.LifecycleMappingFactory - Using org.maven.ide.eclipse.wtp.WarLifecycleMapping lifecycle mapping for MavenProject: com.javassem:basic:1.0.0-BUILD-SNAPSHOT @ C:\Users\Kosmo\Documents\GitHub\team1982\project1982\pom.xml.
2021-12-17 17:09:14,295 [Worker-9] WARN  o.e.m.c.i.embedder.EclipseLogger - Using platform encoding (MS949 actually) to copy filtered resources, i.e. build is platform dependent!
2021-12-17 17:09:14,299 [Worker-9] INFO  o.e.m.c.i.embedder.EclipseLogger - Copying 1 resource
2021-12-17 17:09:14,309 [Worker-9] WARN  o.e.m.c.i.embedder.EclipseLogger - Using platform encoding (MS949 actually) to copy filtered resources, i.e. build is platform dependent!
2021-12-17 17:09:14,315 [Worker-9] INFO  o.e.m.c.i.embedder.EclipseLogger - Copying 1 resource
2021-12-17 17:09:15,197 [Worker-9] INFO  o.e.m.c.i.l.LifecycleMappingFactory - Using org.maven.ide.eclipse.wtp.WarLifecycleMapping lifecycle mapping for MavenProject: com.javassem:basic:1.0.0-BUILD-SNAPSHOT @ C:\Users\Kosmo\Documents\GitHub\team1982\project1982\pom.xml.
2021-12-17 17:09:22,033 [Worker-11] WARN  o.e.m.c.i.embedder.EclipseLogger - Using platform encoding (MS949 actually) to copy filtered resources, i.e. build is platform dependent!
2021-12-17 17:09:22,037 [Worker-11] INFO  o.e.m.c.i.embedder.EclipseLogger - Copying 1 resource
2021-12-17 17:09:22,043 [Worker-11] WARN  o.e.m.c.i.embedder.EclipseLogger - Using platform encoding (MS949 actually) to copy filtered resources, i.e. build is platform dependent!
2021-12-17 17:09:22,044 [Worker-11] INFO  o.e.m.c.i.embedder.EclipseLogger - Copying 1 resource
2021-12-17 17:09:28,284 [Worker-5] INFO  o.e.m.c.i.l.LifecycleMappingFactory - Using org.maven.ide.eclipse.wtp.WarLifecycleMapping lifecycle mapping for MavenProject: com.javassem:basic:1.0.0-BUILD-SNAPSHOT @ C:\Users\Kosmo\Documents\GitHub\team1982\project1982\pom.xml.
2021-12-17 17:09:28,882 [Worker-5] WARN  o.e.m.c.i.embedder.EclipseLogger - Using platform encoding (MS949 actually) to copy filtered resources, i.e. build is platform dependent!
2021-12-17 17:09:28,884 [Worker-5] INFO  o.e.m.c.i.embedder.EclipseLogger - Copying 1 resource
2021-12-17 17:09:28,889 [Worker-5] WARN  o.e.m.c.i.embedder.EclipseLogger - Using platform encoding (MS949 actually) to copy filtered resources, i.e. build is platform dependent!
2021-12-17 17:09:28,890 [Worker-5] INFO  o.e.m.c.i.embedder.EclipseLogger - Copying 0 resource
2021-12-17 17:09:28,891 [Worker-5] INFO  o.e.m.w.i.f.ResourceFilteringBuildParticipant - Changed resources require a complete clean of filtered resources of project1982
2021-12-17 17:09:28,892 [Worker-5] INFO  o.e.m.w.i.f.ResourceFilteringBuildParticipant - Executing resource filtering for project1982
2021-12-17 17:09:28,897 [Worker-5] WARN  o.e.m.c.i.embedder.EclipseLogger - Using platform encoding (MS949 actually) to copy filtered resources, i.e. build is platform dependent!
2021-12-17 17:09:33,434 [Worker-3] WARN  o.e.m.c.i.embedder.EclipseLogger - Using platform encoding (MS949 actually) to copy filtered resources, i.e. build is platform dependent!
2021-12-17 17:09:33,435 [Worker-3] INFO  o.e.m.c.i.embedder.EclipseLogger - Copying 1 resource
2021-12-17 17:09:33,441 [Worker-3] WARN  o.e.m.c.i.embedder.EclipseLogger - Using platform encoding (MS949 actually) to copy filtered resources, i.e. build is platform dependent!
2021-12-17 17:09:33,444 [Worker-3] INFO  o.e.m.c.i.embedder.EclipseLogger - Copying 1 resource
2021-12-17 17:12:49,800 [Worker-20] WARN  o.e.m.c.i.embedder.EclipseLogger - Using platform encoding (MS949 actually) to copy filtered resources, i.e. build is platform dependent!
2021-12-17 17:12:49,801 [Worker-20] INFO  o.e.m.c.i.embedder.EclipseLogger - Copying 0 resource
2021-12-17 17:12:49,802 [Worker-20] WARN  o.e.m.c.i.embedder.EclipseLogger - Using platform encoding (MS949 actually) to copy filtered resources, i.e. build is platform dependent!
2021-12-17 17:12:49,803 [Worker-20] INFO  o.e.m.c.i.embedder.EclipseLogger - Copying 0 resource
2021-12-17 17:28:15,710 [Worker-5] WARN  o.e.m.c.i.embedder.EclipseLogger - Using platform encoding (MS949 actually) to copy filtered resources, i.e. build is platform dependent!
2021-12-17 17:28:15,717 [Worker-5] INFO  o.e.m.c.i.embedder.EclipseLogger - Copying 1 resource
2021-12-17 17:28:15,721 [Worker-5] WARN  o.e.m.c.i.embedder.EclipseLogger - Using platform encoding (MS949 actually) to copy filtered resources, i.e. build is platform dependent!
2021-12-17 17:28:15,722 [Worker-5] INFO  o.e.m.c.i.embedder.EclipseLogger - Copying 1 resource
2021-12-17 17:28:27,421 [Worker-21] WARN  o.e.m.c.i.embedder.EclipseLogger - Using platform encoding (MS949 actually) to copy filtered resources, i.e. build is platform dependent!
2021-12-17 17:28:27,427 [Worker-21] INFO  o.e.m.c.i.embedder.EclipseLogger - Copying 0 resource
2021-12-17 17:28:27,428 [Worker-21] WARN  o.e.m.c.i.embedder.EclipseLogger - Using platform encoding (MS949 actually) to copy filtered resources, i.e. build is platform dependent!
2021-12-17 17:28:27,430 [Worker-21] INFO  o.e.m.c.i.embedder.EclipseLogger - Copying 0 resource
2021-12-17 17:43:36,077 [Worker-31] WARN  o.e.m.c.i.embedder.EclipseLogger - Using platform encoding (MS949 actually) to copy filtered resources, i.e. build is platform dependent!
2021-12-17 17:43:36,078 [Worker-31] INFO  o.e.m.c.i.embedder.EclipseLogger - Copying 0 resource
2021-12-17 17:43:36,080 [Worker-31] WARN  o.e.m.c.i.embedder.EclipseLogger - Using platform encoding (MS949 actually) to copy filtered resources, i.e. build is platform dependent!
2021-12-17 17:43:36,081 [Worker-31] INFO  o.e.m.c.i.embedder.EclipseLogger - Copying 0 resource
2021-12-17 17:57:56,027 [Worker-37] WARN  o.e.m.c.i.embedder.EclipseLogger - Using platform encoding (MS949 actually) to copy filtered resources, i.e. build is platform dependent!
2021-12-17 17:57:56,028 [Worker-37] INFO  o.e.m.c.i.embedder.EclipseLogger - Copying 0 resource
2021-12-17 17:57:56,029 [Worker-37] WARN  o.e.m.c.i.embedder.EclipseLogger - Using platform encoding (MS949 actually) to copy filtered resources, i.e. build is platform dependent!
2021-12-17 17:57:56,030 [Worker-37] INFO  o.e.m.c.i.embedder.EclipseLogger - Copying 0 resource
2021-12-17 17:57:59,766 [Worker-37] WARN  o.e.m.c.i.embedder.EclipseLogger - Using platform encoding (MS949 actually) to copy filtered resources, i.e. build is platform dependent!
2021-12-17 17:57:59,767 [Worker-37] INFO  o.e.m.c.i.embedder.EclipseLogger - Copying 0 resource
2021-12-17 17:57:59,768 [Worker-37] WARN  o.e.m.c.i.embedder.EclipseLogger - Using platform encoding (MS949 actually) to copy filtered resources, i.e. build is platform dependent!
2021-12-17 17:57:59,769 [Worker-37] INFO  o.e.m.c.i.embedder.EclipseLogger - Copying 0 resource
2021-12-17 18:00:01,799 [Worker-43] WARN  o.e.m.c.i.embedder.EclipseLogger - Using platform encoding (MS949 actually) to copy filtered resources, i.e. build is platform dependent!
2021-12-17 18:00:01,801 [Worker-43] INFO  o.e.m.c.i.embedder.EclipseLogger - Copying 0 resource
2021-12-17 18:00:01,803 [Worker-43] WARN  o.e.m.c.i.embedder.EclipseLogger - Using platform encoding (MS949 actually) to copy filtered resources, i.e. build is platform dependent!
2021-12-17 18:00:01,804 [Worker-43] INFO  o.e.m.c.i.embedder.EclipseLogger - Copying 0 resource
2021-12-17 18:00:31,191 [Worker-39] WARN  o.e.m.c.i.embedder.EclipseLogger - Using platform encoding (MS949 actually) to copy filtered resources, i.e. build is platform dependent!
2021-12-17 18:00:31,193 [Worker-39] INFO  o.e.m.c.i.embedder.EclipseLogger - Copying 0 resource
2021-12-17 18:00:31,194 [Worker-39] WARN  o.e.m.c.i.embedder.EclipseLogger - Using platform encoding (MS949 actually) to copy filtered resources, i.e. build is platform dependent!
2021-12-17 18:00:31,195 [Worker-39] INFO  o.e.m.c.i.embedder.EclipseLogger - Copying 0 resource
2021-12-17 18:09:08,209 [Worker-47] WARN  o.e.m.c.i.embedder.EclipseLogger - Using platform encoding (MS949 actually) to copy filtered resources, i.e. build is platform dependent!
2021-12-17 18:09:08,211 [Worker-47] INFO  o.e.m.c.i.embedder.EclipseLogger - Copying 0 resource
2021-12-17 18:09:08,213 [Worker-47] WARN  o.e.m.c.i.embedder.EclipseLogger - Using platform encoding (MS949 actually) to copy filtered resources, i.e. build is platform dependent!
2021-12-17 18:09:08,213 [Worker-47] INFO  o.e.m.c.i.embedder.EclipseLogger - Copying 0 resource
2021-12-17 18:43:32,862 [Worker-57] WARN  o.e.m.c.i.embedder.EclipseLogger - Using platform encoding (MS949 actually) to copy filtered resources, i.e. build is platform dependent!
2021-12-17 18:43:32,863 [Worker-57] INFO  o.e.m.c.i.embedder.EclipseLogger - Copying 0 resource
2021-12-17 18:43:32,864 [Worker-57] WARN  o.e.m.c.i.embedder.EclipseLogger - Using platform encoding (MS949 actually) to copy filtered resources, i.e. build is platform dependent!
2021-12-17 18:43:32,865 [Worker-57] INFO  o.e.m.c.i.embedder.EclipseLogger - Copying 0 resource
2021-12-17 18:47:08,210 [Worker-63] WARN  o.e.m.c.i.embedder.EclipseLogger - Using platform encoding (MS949 actually) to copy filtered resources, i.e. build is platform dependent!
2021-12-17 18:47:08,212 [Worker-63] INFO  o.e.m.c.i.embedder.EclipseLogger - Copying 0 resource
2021-12-17 18:47:08,213 [Worker-63] WARN  o.e.m.c.i.embedder.EclipseLogger - Using platform encoding (MS949 actually) to copy filtered resources, i.e. build is platform dependent!
2021-12-17 18:47:08,214 [Worker-63] INFO  o.e.m.c.i.embedder.EclipseLogger - Copying 0 resource
2021-12-17 18:48:33,910 [Worker-64] WARN  o.e.m.c.i.embedder.EclipseLogger - Using platform encoding (MS949 actually) to copy filtered resources, i.e. build is platform dependent!
2021-12-17 18:48:33,911 [Worker-64] INFO  o.e.m.c.i.embedder.EclipseLogger - Copying 0 resource
2021-12-17 18:48:33,912 [Worker-64] WARN  o.e.m.c.i.embedder.EclipseLogger - Using platform encoding (MS949 actually) to copy filtered resources, i.e. build is platform dependent!
2021-12-17 18:48:33,914 [Worker-64] INFO  o.e.m.c.i.embedder.EclipseLogger - Copying 0 resource
2021-12-17 18:50:21,645 [Worker-64] WARN  o.e.m.c.i.embedder.EclipseLogger - Using platform encoding (MS949 actually) to copy filtered resources, i.e. build is platform dependent!
2021-12-17 18:50:21,646 [Worker-64] INFO  o.e.m.c.i.embedder.EclipseLogger - Copying 0 resource
2021-12-17 18:54:10,138 [Worker-74] WARN  o.e.m.c.i.embedder.EclipseLogger - Using platform encoding (MS949 actually) to copy filtered resources, i.e. build is platform dependent!
2021-12-17 18:54:10,139 [Worker-74] INFO  o.e.m.c.i.embedder.EclipseLogger - Copying 0 resource
2021-12-17 18:54:10,141 [Worker-74] WARN  o.e.m.c.i.embedder.EclipseLogger - Using platform encoding (MS949 actually) to copy filtered resources, i.e. build is platform dependent!
2021-12-17 18:54:10,142 [Worker-74] INFO  o.e.m.c.i.embedder.EclipseLogger - Copying 0 resource
2021-12-17 18:55:05,724 [Worker-75] WARN  o.e.m.c.i.embedder.EclipseLogger - Using platform encoding (MS949 actually) to copy filtered resources, i.e. build is platform dependent!
2021-12-17 18:55:05,726 [Worker-75] INFO  o.e.m.c.i.embedder.EclipseLogger - Copying 0 resource
2021-12-17 18:55:05,727 [Worker-75] WARN  o.e.m.c.i.embedder.EclipseLogger - Using platform encoding (MS949 actually) to copy filtered resources, i.e. build is platform dependent!
2021-12-17 18:55:05,728 [Worker-75] INFO  o.e.m.c.i.embedder.EclipseLogger - Copying 0 resource
2021-12-17 18:55:58,270 [Worker-72] WARN  o.e.m.c.i.embedder.EclipseLogger - Using platform encoding (MS949 actually) to copy filtered resources, i.e. build is platform dependent!
2021-12-17 18:55:58,271 [Worker-72] INFO  o.e.m.c.i.embedder.EclipseLogger - Copying 0 resource
2021-12-17 18:55:58,273 [Worker-72] WARN  o.e.m.c.i.embedder.EclipseLogger - Using platform encoding (MS949 actually) to copy filtered resources, i.e. build is platform dependent!
2021-12-17 18:55:58,274 [Worker-72] INFO  o.e.m.c.i.embedder.EclipseLogger - Copying 0 resource
2021-12-17 18:58:28,598 [Worker-79] WARN  o.e.m.c.i.embedder.EclipseLogger - Using platform encoding (MS949 actually) to copy filtered resources, i.e. build is platform dependent!
2021-12-17 18:58:28,599 [Worker-79] INFO  o.e.m.c.i.embedder.EclipseLogger - Copying 0 resource
2021-12-17 18:58:28,601 [Worker-79] WARN  o.e.m.c.i.embedder.EclipseLogger - Using platform encoding (MS949 actually) to copy filtered resources, i.e. build is platform dependent!
2021-12-17 18:58:28,602 [Worker-79] INFO  o.e.m.c.i.embedder.EclipseLogger - Copying 0 resource
>>>>>>> 8dbb557cf58a4ef831a7e21c219a5c7432de1a22
